Arguments: 
  /Users/hungton/.nvm/versions/node/v14.6.0/bin/node /usr/local/Cellar/yarn/1.22.4/libexec/bin/yarn.js

PATH: 
  /Users/hungton/.sdkman/candidates/java/current/bin:/Users/hungton/.nvm/versions/node/v14.6.0/bin:/usr/local/bin:/usr/bin:/bin:/usr/sbin:/sbin:/Library/Apple/usr/bin:/Users/hungton/projects/github/lock/node_modules/.bin

Yarn version: 
  1.22.4

Node version: 
  14.6.0

Platform: 
  darwin x64

Trace: 
  SyntaxError: /Users/hungton/projects/github/lock/package.json: Unexpected token R in JSON at position 146
      at JSON.parse (<anonymous>)
      at /usr/local/Cellar/yarn/1.22.4/libexec/lib/cli.js:1625:59
      at Generator.next (<anonymous>)
      at step (/usr/local/Cellar/yarn/1.22.4/libexec/lib/cli.js:310:30)
      at /usr/local/Cellar/yarn/1.22.4/libexec/lib/cli.js:321:13

npm manifest: 
  {
    "name": "@tonthanhhung/lock",
    "version": "0.1.0-rc7",
    "repository": "tonthanhhung/lock",
    "license": "MIT",
    "main": "dist/lock.cjs.js",R
    "module": "dist/lock.esm.js",
    "browser": "dist/lock.min.js",
    "dependencies": {},
    "devDependencies": {
      "@types/node": "^13.9.5",
      "bluebird": "^3.7.2",
      "eslint": "^6.8.0",
      "eslint-config-airbnb-base": "^14.1.0",
      "eslint-plugin-import": "^2.20.2",
      "rollup": "^2.3.0",
      "rollup-plugin-filesize": "^6.2.1",
      "rollup-plugin-terser": "^7.0.0",
      "rollup-plugin-typescript2": "^0.27.0",
      "typescript": "^3.8.3"
    },
    "scripts": {
      "build": "rollup -c",
      "dev": "rollup -c -w",
      "pretest": "npm run build"
    },
    "files": [
      "dist",
      "src",
      "connectors",
      "plugins"
    ],
    "publishConfig": {
      "registry": "https://npm.pkg.github.com/"
    }
  }

yarn manifest: 
  No manifest

Lockfile: 
  No lockfile
